TN:
SF:src\common\utils\create-customer.ts
FN:7,createCustomer
FN:15,createAddress
FNF:2
FNH:2
FNDA:5,createCustomer
FNDA:5,createAddress
DA:1,1
DA:2,1
DA:3,1
DA:4,1
DA:5,1
DA:6,1
DA:7,1
DA:8,5
DA:9,5
DA:10,5
DA:11,5
DA:12,5
DA:13,5
DA:14,1
DA:15,1
DA:16,5
DA:17,5
DA:18,5
DA:19,5
DA:20,5
DA:21,5
DA:22,5
DA:23,5
DA:24,5
LF:24
LH:24
BRDA:7,0,0,5
BRDA:15,1,0,5
BRF:2
BRH:2
end_of_record
TN:
SF:src\common\utils\create-product.ts
FN:6,createProduct
FNF:1
FNH:1
FNDA:5,createProduct
DA:1,1
DA:2,1
DA:3,1
DA:4,1
DA:5,1
DA:6,1
DA:7,5
DA:8,5
DA:9,5
DA:10,5
DA:11,5
DA:12,5
DA:13,5
DA:14,5
DA:15,5
LF:15
LH:15
BRDA:6,0,0,5
BRF:1
BRH:1
end_of_record
TN:
SF:src\domain\entity\address.ts
FN:23,toString
FN:27,validate
FN:41,validateStreet
FN:47,validateNumber
FN:53,validateState
FN:59,validateZip
FN:65,validateCity
FN:71,get street
FN:75,get number
FN:79,get zip
FN:83,get city
FN:87,get state
FN:8,Address
FNF:13
FNH:12
FNDA:0,toString
FNDA:9,validate
FNDA:9,validateStreet
FNDA:9,validateNumber
FNDA:9,validateState
FNDA:9,validateZip
FNDA:9,validateCity
FNDA:9,get street
FNDA:9,get number
FNDA:9,get zip
FNDA:9,get city
FNDA:8,get state
FNDA:9,Address
DA:1,1
DA:2,1
DA:3,1
DA:4,1
DA:5,1
DA:6,1
DA:7,1
DA:8,1
DA:9,9
DA:10,9
DA:11,9
DA:12,9
DA:13,9
DA:14,9
DA:15,9
DA:16,9
DA:17,9
DA:18,9
DA:19,9
DA:20,9
DA:21,9
DA:22,1
DA:23,1
DA:24,0
DA:25,0
DA:26,1
DA:27,1
DA:28,9
DA:29,9
DA:30,9
DA:31,9
DA:32,9
DA:33,9
DA:34,9
DA:35,9
DA:36,9
DA:37,9
DA:38,9
DA:39,9
DA:40,1
DA:41,1
DA:42,9
DA:43,0
DA:44,0
DA:45,9
DA:46,1
DA:47,1
DA:48,9
DA:49,0
DA:50,0
DA:51,9
DA:52,1
DA:53,1
DA:54,9
DA:55,0
DA:56,0
DA:57,9
DA:58,1
DA:59,1
DA:60,9
DA:61,0
DA:62,0
DA:63,9
DA:64,1
DA:65,1
DA:66,9
DA:67,0
DA:68,0
DA:69,9
DA:70,1
DA:71,1
DA:72,9
DA:73,9
DA:74,1
DA:75,1
DA:76,9
DA:77,9
DA:78,1
DA:79,1
DA:80,9
DA:81,9
DA:82,1
DA:83,1
DA:84,9
DA:85,9
DA:86,1
DA:87,1
DA:88,8
DA:89,8
DA:90,1
LF:90
LH:78
BRDA:27,0,0,9
BRDA:41,1,0,9
BRDA:42,2,0,0
BRDA:47,3,0,9
BRDA:48,4,0,0
BRDA:53,5,0,9
BRDA:54,6,0,0
BRDA:59,7,0,9
BRDA:60,8,0,0
BRDA:65,9,0,9
BRDA:66,10,0,0
BRDA:71,11,0,9
BRDA:75,12,0,9
BRDA:79,13,0,9
BRDA:83,14,0,9
BRDA:87,15,0,8
BRDA:8,16,0,9
BRF:17
BRH:12
end_of_record
TN:
SF:src\domain\entity\customer.ts
FN:16,get name
FN:20,get rewardPoints
FN:24,get id
FN:28,validate
FN:33,validateId
FN:39,validateName
FN:45,changeName
FN:50,isActive
FN:54,activate
FN:61,deactivate
FN:65,addRewardPoints
FN:69,set address
FN:73,get address
FN:10,Customer
FNF:14
FNH:14
FNDA:7,get name
FNDA:13,get rewardPoints
FNDA:9,get id
FNDA:16,validate
FNDA:16,validateId
FNDA:17,validateName
FNDA:2,changeName
FNDA:11,isActive
FNDA:2,activate
FNDA:1,deactivate
FNDA:5,addRewardPoints
FNDA:9,set address
FNDA:29,get address
FNDA:16,Customer
DA:1,1
DA:2,1
DA:3,1
DA:4,1
DA:5,1
DA:6,1
DA:7,1
DA:8,1
DA:9,1
DA:10,1
DA:11,16
DA:12,16
DA:13,16
DA:14,16
DA:15,1
DA:16,1
DA:17,7
DA:18,7
DA:19,1
DA:20,1
DA:21,13
DA:22,13
DA:23,1
DA:24,1
DA:25,9
DA:26,9
DA:27,1
DA:28,1
DA:29,16
DA:30,16
DA:31,16
DA:32,1
DA:33,1
DA:34,16
DA:35,1
DA:36,1
DA:37,16
DA:38,1
DA:39,1
DA:40,17
DA:41,1
DA:42,1
DA:43,17
DA:44,1
DA:45,1
DA:46,2
DA:47,2
DA:48,2
DA:49,1
DA:50,1
DA:51,11
DA:52,11
DA:53,1
DA:54,1
DA:55,2
DA:56,1
DA:57,1
DA:58,1
DA:59,1
DA:60,1
DA:61,1
DA:62,1
DA:63,1
DA:64,1
DA:65,1
DA:66,5
DA:67,5
DA:68,1
DA:69,1
DA:70,9
DA:71,9
DA:72,1
DA:73,1
DA:74,29
DA:75,29
DA:76,1
LF:76
LH:76
BRDA:16,0,0,7
BRDA:20,1,0,13
BRDA:24,2,0,9
BRDA:28,3,0,16
BRDA:33,4,0,16
BRDA:34,5,0,1
BRDA:39,6,0,17
BRDA:40,7,0,1
BRDA:45,8,0,2
BRDA:50,9,0,11
BRDA:54,10,0,2
BRDA:55,11,0,1
BRDA:61,12,0,1
BRDA:65,13,0,5
BRDA:69,14,0,9
BRDA:73,15,0,29
BRDA:10,16,0,16
BRF:17
BRH:17
end_of_record
TN:
SF:src\domain\entity\index.ts
FNF:0
FNH:0
DA:1,1
DA:2,1
DA:3,1
DA:4,1
DA:5,1
LF:5
LH:5
BRF:0
BRH:0
end_of_record
TN:
SF:src\domain\entity\item.ts
FN:22,get price
FN:26,get quantity
FN:8,Item
FNF:3
FNH:3
FNDA:12,get price
FNDA:6,get quantity
FNDA:6,Item
DA:1,1
DA:2,1
DA:3,1
DA:4,1
DA:5,1
DA:6,1
DA:7,1
DA:8,1
DA:9,6
DA:10,6
DA:11,6
DA:12,6
DA:13,6
DA:14,6
DA:15,6
DA:16,6
DA:17,6
DA:18,6
DA:19,6
DA:20,6
DA:21,1
DA:22,1
DA:23,12
DA:24,12
DA:25,1
DA:26,1
DA:27,6
DA:28,6
DA:29,1
LF:29
LH:29
BRDA:22,0,0,12
BRDA:26,1,0,6
BRDA:8,2,0,6
BRF:3
BRH:3
end_of_record
TN:
SF:src\domain\entity\order.ts
FN:17,validate
FN:37,total
FN:9,Order
FNF:3
FNH:3
FNDA:8,validate
FNDA:13,total
FNDA:8,Order
DA:1,1
DA:2,1
DA:3,1
DA:4,1
DA:5,1
DA:6,1
DA:7,1
DA:8,1
DA:9,1
DA:10,8
DA:11,8
DA:12,8
DA:13,8
DA:14,8
DA:15,8
DA:16,1
DA:17,1
DA:18,8
DA:19,1
DA:20,1
DA:21,7
DA:22,8
DA:23,1
DA:24,1
DA:25,6
DA:26,8
DA:27,1
DA:28,1
DA:29,5
DA:30,8
DA:31,1
DA:32,1
DA:33,4
DA:34,4
DA:35,4
DA:36,1
DA:37,1
DA:38,13
DA:39,13
DA:40,1
LF:40
LH:40
BRDA:17,0,0,8
BRDA:18,1,0,1
BRDA:21,2,0,7
BRDA:22,3,0,1
BRDA:25,4,0,6
BRDA:26,5,0,1
BRDA:29,6,0,5
BRDA:30,7,0,4
BRDA:30,8,0,1
BRDA:30,9,0,6
BRDA:37,10,0,13
BRDA:38,11,0,12
BRDA:9,12,0,8
BRF:13
BRH:13
end_of_record
TN:
SF:src\domain\entity\product.ts
FN:13,get id
FN:17,validate
FN:33,get name
FN:37,get price
FN:41,changeName
FN:46,changePrice
FN:6,Product
FNF:7
FNH:7
FNDA:7,get id
FNDA:21,validate
FNDA:8,get name
FNDA:12,get price
FNDA:2,changeName
FNDA:4,changePrice
FNDA:15,Product
DA:1,1
DA:2,1
DA:3,1
DA:4,1
DA:5,1
DA:6,1
DA:7,15
DA:8,15
DA:9,15
DA:10,15
DA:11,15
DA:12,1
DA:13,1
DA:14,7
DA:15,7
DA:16,1
DA:17,1
DA:18,21
DA:19,1
DA:20,1
DA:21,20
DA:22,21
DA:23,1
DA:24,1
DA:25,19
DA:26,21
DA:27,1
DA:28,1
DA:29,18
DA:30,18
DA:31,18
DA:32,1
DA:33,1
DA:34,8
DA:35,8
DA:36,1
DA:37,1
DA:38,12
DA:39,12
DA:40,1
DA:41,1
DA:42,2
DA:43,2
DA:44,2
DA:45,1
DA:46,1
DA:47,4
DA:48,4
DA:49,4
DA:50,1
LF:50
LH:50
BRDA:13,0,0,7
BRDA:17,1,0,21
BRDA:18,2,0,1
BRDA:21,3,0,20
BRDA:22,4,0,1
BRDA:25,5,0,19
BRDA:26,6,0,1
BRDA:29,7,0,18
BRDA:33,8,0,8
BRDA:37,9,0,12
BRDA:41,10,0,2
BRDA:46,11,0,4
BRDA:6,12,0,15
BRF:13
BRH:13
end_of_record
TN:
SF:src\domain\service\order.service.ts
FN:5,sum
FN:11,placeOrder
FNF:2
FNH:2
FNDA:1,sum
FNDA:1,placeOrder
DA:1,1
DA:2,1
DA:3,1
DA:4,1
DA:5,1
DA:6,1
DA:7,2
DA:8,1
DA:9,1
DA:10,1
DA:11,1
DA:12,1
DA:13,0
DA:14,0
DA:15,1
DA:16,1
DA:17,1
DA:18,1
DA:19,1
DA:20,1
LF:20
LH:18
BRDA:5,0,0,1
BRDA:6,1,0,2
BRDA:11,2,0,1
BRDA:12,3,0,0
BRF:4
BRH:3
end_of_record
TN:
SF:src\domain\service\product.service.ts
FN:6,increasePrice
FN:4,ProductService
FNF:2
FNH:1
FNDA:1,increasePrice
FNDA:0,ProductService
DA:1,1
DA:2,1
DA:3,1
DA:4,1
DA:5,1
DA:6,1
DA:7,1
DA:8,2
DA:9,1
DA:10,1
DA:11,1
LF:11
LH:11
BRDA:6,0,0,1
BRDA:7,1,0,2
BRF:2
BRH:2
end_of_record
TN:
SF:src\infrastructure\db\sequelize\model\customer.model.ts
FNF:0
FNH:0
DA:1,1
DA:2,1
DA:3,1
DA:4,1
DA:5,1
DA:6,1
DA:7,1
DA:8,1
DA:9,1
DA:10,1
DA:11,1
DA:12,1
DA:13,1
DA:14,1
DA:15,1
DA:16,1
DA:17,1
DA:18,1
DA:19,1
DA:20,1
DA:21,1
DA:22,1
DA:23,1
DA:24,1
DA:25,1
DA:26,1
DA:27,1
DA:28,1
DA:29,1
DA:30,1
DA:31,1
DA:32,1
DA:33,1
DA:34,1
DA:35,1
LF:35
LH:35
BRF:0
BRH:0
end_of_record
TN:
SF:src\infrastructure\db\sequelize\model\product.model.ts
FNF:0
FNH:0
DA:1,1
DA:2,1
DA:3,1
DA:4,1
DA:5,1
DA:6,1
DA:7,1
DA:8,1
DA:9,1
DA:10,1
DA:11,1
DA:12,1
DA:13,1
DA:14,1
DA:15,1
DA:16,1
DA:17,1
LF:17
LH:17
BRF:0
BRH:0
end_of_record
TN:
SF:src\infrastructure\repository\customer-repository.ts
FN:7,create
FN:21,update
FN:37,find
FN:61,findAll
FNF:4
FNH:4
FNDA:5,create
FNDA:1,update
FNDA:1,find
FNDA:1,findAll
DA:1,1
DA:2,1
DA:3,1
DA:4,1
DA:5,1
DA:6,1
DA:7,1
DA:8,5
DA:9,5
DA:10,5
DA:11,5
DA:12,5
DA:13,5
DA:14,5
DA:15,5
DA:16,5
DA:17,5
DA:18,5
DA:19,5
DA:20,1
DA:21,1
DA:22,1
DA:23,1
DA:24,1
DA:25,1
DA:26,1
DA:27,1
DA:28,1
DA:29,1
DA:30,1
DA:31,1
DA:32,1
DA:33,1
DA:34,1
DA:35,1
DA:36,1
DA:37,1
DA:38,1
DA:39,1
DA:40,1
DA:41,1
DA:42,1
DA:43,1
DA:44,1
DA:45,1
DA:46,0
DA:47,0
DA:48,1
DA:49,1
DA:50,1
DA:51,1
DA:52,1
DA:53,1
DA:54,1
DA:55,1
DA:56,1
DA:57,1
DA:58,1
DA:59,1
DA:60,1
DA:61,1
DA:62,1
DA:63,1
DA:64,2
DA:65,2
DA:66,2
DA:67,2
DA:68,2
DA:69,2
DA:70,2
DA:71,2
DA:72,2
DA:73,2
DA:74,0
DA:75,0
DA:76,2
DA:77,1
DA:78,1
DA:79,1
DA:80,1
DA:81,1
LF:81
LH:77
BRDA:7,0,0,5
BRDA:21,1,0,1
BRDA:37,2,0,1
BRDA:45,3,0,0
BRDA:61,4,0,1
BRDA:63,5,0,2
BRDA:73,6,0,0
BRF:7
BRH:5
end_of_record
TN:
SF:src\infrastructure\repository\product.repository.ts
FN:6,create
FN:14,update
FN:24,find
FN:34,findAll
FNF:4
FNH:4
FNDA:5,create
FNDA:1,update
FNDA:1,find
FNDA:1,findAll
DA:1,1
DA:2,1
DA:3,1
DA:4,1
DA:5,1
DA:6,1
DA:7,5
DA:8,5
DA:9,5
DA:10,5
DA:11,5
DA:12,5
DA:13,1
DA:14,1
DA:15,1
DA:16,1
DA:17,1
DA:18,1
DA:19,1
DA:20,1
DA:21,1
DA:22,1
DA:23,1
DA:24,1
DA:25,1
DA:26,1
DA:27,1
DA:28,1
DA:29,1
DA:30,1
DA:31,1
DA:32,1
DA:33,1
DA:34,1
DA:35,1
DA:36,1
DA:37,1
DA:38,2
DA:39,1
DA:40,1
DA:41,1
DA:42,1
DA:43,1
LF:43
LH:43
BRDA:6,0,0,5
BRDA:14,1,0,1
BRDA:24,2,0,1
BRDA:34,3,0,1
BRDA:37,4,0,2
BRF:5
BRH:5
end_of_record
